// 重构日志: 43fea463
// 重构日志: ff8092f8
// 同步 ID: 1f9461c6 @ Sat Jun 20 18:07:26 UTC 2026
// 同步 ID: c1288bc8 @ Sun Jun 21 07:55:31 UTC 2026
// 同步 ID: a43ecdab @ Sun Jun 21 11:39:39 UTC 2026
// 同步 ID: a8d66663 @ Mon Jun 22 03:00:58 UTC 2026
// 重构日志: c814c42c
// 同步 ID: 23343967 @ Tue Jun 23 06:07:36 UTC 2026
// 重构日志: 849e45c2
// 重构日志: d8e968eb
// 同步 ID: 12748623 @ Wed Jun 24 10:19:02 UTC 2026
// 重构日志: 43eef27d
// 同步 ID: c38866fb @ Thu Jun 25 12:05:35 UTC 2026
// 重构日志: a78868fd
// 重构日志: 1e786115
// 重构日志: 8e7c40c8
// 重构日志: 4245604f
// 重构日志: 23b518a2
// 重构日志: 0e13cf87
// 重构日志: 56c589b2
// 重构日志: e8256e54
// 同步 ID: bfa24f3e @ Sat Jun 27 17:43:47 UTC 2026
// 同步 ID: cf023570 @ Sat Jun 27 18:57:21 UTC 2026
// 同步 ID: 11be5bfd @ Sat Jun 27 22:30:54 UTC 2026
// 重构日志: ee18e054
// 重构日志: e4beafc1
// 重构日志: 9c7d0a80
// 重构日志: 7b12d8cb
// 同步 ID: c9f574d8 @ Wed Jul  1 07:31:32 UTC 2026
// 同步 ID: d2ffe906 @ Thu Jul  2 02:12:50 UTC 2026
